<?xml version="1.0" encoding="UTF-8"?>
<!-- Generated by org.testng.reporters.JUnitReportReporter -->
<testsuite hostname="DESKTOP-9T08QN7" failures="0" tests="1" name="uiTests.TC006_Shopper_LoginWithWrongCredentials" time="14.850" errors="0" timestamp="2025-08-22T18:48:30 IST" skipped="0">
  <testcase classname="uiTests.TC006_Shopper_LoginWithWrongCredentials" name="testShopper_LoginWithWrongCredentials" time="14.850"/>
</testsuite> <!-- uiTests.TC006_Shopper_LoginWithWrongCredentials -->
