<?xml version="1.0" encoding="UTF-8"?>
<!-- Generated by org.testng.reporters.JUnitReportReporter -->
<testsuite hostname="DESKTOP-9T08QN7" failures="0" tests="1" name="uiTests.TC002_Admin_LoginWithWrongCredentials" time="22.311" errors="0" timestamp="2025-08-22T00:24:26 IST" skipped="0">
  <testcase classname="uiTests.TC002_Admin_LoginWithWrongCredentials" name="testAdmin_LoginWithWrongCredentials" time="22.311"/>
</testsuite> <!-- uiTests.TC002_Admin_LoginWithWrongCredentials -->
