<?xml version="1.0" encoding="UTF-8"?>
<!-- Generated by org.testng.reporters.JUnitReportReporter -->
<testsuite hostname="DESKTOP-9T08QN7" failures="0" tests="1" name="uiTests.TC001_Admin_adminSmokeUITest" time="31.095" errors="0" timestamp="2025-08-21T22:30:17 IST" skipped="0">
  <testcase classname="uiTests.TC001_Admin_adminSmokeUITest" name="shouldVerifyLoginPageElementsForAllUserTypes" time="31.095"/>
</testsuite> <!-- uiTests.TC001_Admin_adminSmokeUITest -->
